<?xml version="1.0" encoding="UTF-8"?>
<!-- Generated by org.testng.reporters.JUnitXMLReporter -->
<testsuite ignored="0" hostname="DESKTOP-F35N9PK" failures="0" tests="3" name="Surefire test" time="11.421" errors="0" timestamp="2023-05-02T13:06:10 IST">
  <testcase classname="tests.LoginTest" name="testLogin" time="4.645"/>
  <testcase classname="tests.LoginTest" name="testLogin" time="2.699"/>
  <testcase classname="tests.LoginTest" name="testLogin" time="3.413"/>
</testsuite> <!-- Surefire test -->
