<?xml version="1.0" encoding="UTF-8"?>
<testng-results ignored="0" total="3" passed="3" failed="0" skipped="0">
  <reporter-output>
  </reporter-output>
  <suite started-at="2023-05-02T17:15:07 IST" name="Suite" finished-at="2023-05-02T17:15:21 IST" duration-ms="13965">
    <groups>
    </groups>
    <test started-at="2023-05-02T17:15:07 IST" name="Test" finished-at="2023-05-02T17:15:21 IST" duration-ms="13965">
      <class name="tests.LoginTest">
        <test-method signature="testLogin(java.util.HashMap)[pri:0, instance:tests.LoginTest@1603cd68]" started-at="2023-05-02T17:15:08 IST" name="testLogin" data-provider="dataSupplier" finished-at="2023-05-02T17:15:13 IST" duration-ms="5184" status="PASS">
          <params>
            <param index="0">
              <value>
                <![CDATA[{Runmode=Y, ExpectedResult=Success, Username=narasimhatester09@gmail.com, Browser=Chrome, Password=12345@Na}]]>
              </value>
            </param>
          </params>
          <reporter-output>
          </reporter-output>
        </test-method> <!-- testLogin -->
        <test-method is-config="true" signature="tearDown()[pri:0, instance:tests.LoginTest@1603cd68]" started-at="2023-05-02T17:15:13 IST" name="tearDown" finished-at="2023-05-02T17:15:13 IST" duration-ms="114" status="PASS">
          <reporter-output>
          </reporter-output>
        </test-method> <!-- tearDown -->
        <test-method signature="testLogin(java.util.HashMap)[pri:0, instance:tests.LoginTest@1603cd68]" started-at="2023-05-02T17:15:13 IST" name="testLogin" data-provider="dataSupplier" finished-at="2023-05-02T17:15:17 IST" duration-ms="3657" status="PASS">
          <params>
            <param index="0">
              <value>
                <![CDATA[{Runmode=Y, ExpectedResult=Success, Username=parmi.chinu12@gmail.com, Browser=Chrome, Password=PARA@12345p}]]>
              </value>
            </param>
          </params>
          <reporter-output>
          </reporter-output>
        </test-method> <!-- testLogin -->
        <test-method is-config="true" signature="tearDown()[pri:0, instance:tests.LoginTest@1603cd68]" started-at="2023-05-02T17:15:17 IST" name="tearDown" finished-at="2023-05-02T17:15:17 IST" duration-ms="128" status="PASS">
          <reporter-output>
          </reporter-output>
        </test-method> <!-- tearDown -->
        <test-method signature="testLogin(java.util.HashMap)[pri:0, instance:tests.LoginTest@1603cd68]" started-at="2023-05-02T17:15:17 IST" name="testLogin" data-provider="dataSupplier" finished-at="2023-05-02T17:15:21 IST" duration-ms="4195" status="PASS">
          <params>
            <param index="0">
              <value>
                <![CDATA[{Runmode=Y, ExpectedResult=Success, Username=rajeshchary25@gmail.com, Browser=Chrome, Password=RAJE@12345r}]]>
              </value>
            </param>
          </params>
          <reporter-output>
          </reporter-output>
        </test-method> <!-- testLogin -->
        <test-method is-config="true" signature="tearDown()[pri:0, instance:tests.LoginTest@1603cd68]" started-at="2023-05-02T17:15:21 IST" name="tearDown" finished-at="2023-05-02T17:15:21 IST" duration-ms="106" status="PASS">
          <reporter-output>
          </reporter-output>
        </test-method> <!-- tearDown -->
      </class> <!-- tests.LoginTest -->
    </test> <!-- Test -->
  </suite> <!-- Suite -->
</testng-results>
